0 info it worked if it ends with ok
1 verbose cli [ 'node', '/usr/local/bin/npm', 'install', '-g', 'node-inspector' ]
2 info using npm@2.11.3
3 info using node@v0.12.7
4 verbose install initial load of /usr/local/lib/package.json
5 verbose readDependencies loading dependencies from /usr/local/lib/package.json
6 silly cache add args [ 'node-inspector', null ]
7 verbose cache add spec node-inspector
8 silly cache add parsed spec { raw: 'node-inspector',
8 silly cache add   scope: null,
8 silly cache add   name: 'node-inspector',
8 silly cache add   rawSpec: '',
8 silly cache add   spec: '*',
8 silly cache add   type: 'range' }
9 silly addNamed node-inspector@*
10 verbose addNamed "*" is a valid semver range for node-inspector
11 silly addNameRange { name: 'node-inspector', range: '*', hasData: false }
12 silly mapToRegistry name node-inspector
13 silly mapToRegistry using default registry
14 silly mapToRegistry registry https://registry.npmjs.org/
15 silly mapToRegistry uri https://registry.npmjs.org/node-inspector
16 verbose addNameRange registry:https://registry.npmjs.org/node-inspector not in flight; fetching
17 verbose request uri https://registry.npmjs.org/node-inspector
18 verbose request no auth needed
19 info attempt registry request try #1 at 4:51:08 PM
20 verbose request id eae1a2ccbd308b39
21 verbose etag "6T4IRW4J2RR4H8ANIH66RUFIR"
22 http request GET https://registry.npmjs.org/node-inspector
23 http 200 https://registry.npmjs.org/node-inspector
24 silly get cb [ 200,
24 silly get   { server: 'CouchDB/1.5.0 (Erlang OTP/R16B03)',
24 silly get     etag: '"BT57B7QNFBHXVIGUBGKIJCYZM"',
24 silly get     'content-type': 'application/json',
24 silly get     'cache-control': 'max-age=60',
24 silly get     'content-length': '131399',
24 silly get     'accept-ranges': 'bytes',
24 silly get     date: 'Tue, 01 Sep 2015 14:51:09 GMT',
24 silly get     via: '1.1 varnish',
24 silly get     age: '23',
24 silly get     connection: 'keep-alive',
24 silly get     'x-served-by': 'cache-fra1239-FRA',
24 silly get     'x-cache': 'HIT',
24 silly get     'x-cache-hits': '1',
24 silly get     'x-timer': 'S1441119069.160550,VS0,VE0',
24 silly get     vary: 'Accept' } ]
25 verbose get saving node-inspector to /Users/jakubkanitra/.npm/registry.npmjs.org/node-inspector/.cache.json
26 silly addNameRange number 2 { name: 'node-inspector', range: '*', hasData: true }
27 silly addNameRange versions [ 'node-inspector',
27 silly addNameRange   [ '0.0.1',
27 silly addNameRange     '0.0.2',
27 silly addNameRange     '0.0.3',
27 silly addNameRange     '0.0.4',
27 silly addNameRange     '0.1.0',
27 silly addNameRange     '0.1.1',
27 silly addNameRange     '0.1.2',
27 silly addNameRange     '0.1.3',
27 silly addNameRange     '0.1.4',
27 silly addNameRange     '0.1.5',
27 silly addNameRange     '0.1.6',
27 silly addNameRange     '0.1.7',
27 silly addNameRange     '0.1.8',
27 silly addNameRange     '0.1.9',
27 silly addNameRange     '0.1.10',
27 silly addNameRange     '0.3.0',
27 silly addNameRange     '0.3.1',
27 silly addNameRange     '0.3.2',
27 silly addNameRange     '0.3.3',
27 silly addNameRange     '0.3.4',
27 silly addNameRange     '0.4.0',
27 silly addNameRange     '0.5.0',
27 silly addNameRange     '0.6.0',
27 silly addNameRange     '0.6.1',
27 silly addNameRange     '0.6.2',
27 silly addNameRange     '0.7.0-1',
27 silly addNameRange     '0.2.0-beta1',
27 silly addNameRange     '0.2.0-beta2',
27 silly addNameRange     '0.2.0-beta3',
27 silly addNameRange     '0.2.0-beta4',
27 silly addNameRange     '0.3.0-preview1',
27 silly addNameRange     '0.7.0-2',
27 silly addNameRange     '0.7.0',
27 silly addNameRange     '0.7.1',
27 silly addNameRange     '0.7.2',
27 silly addNameRange     '0.7.3',
27 silly addNameRange     '0.7.4',
27 silly addNameRange     '0.8.0',
27 silly addNameRange     '0.8.1',
27 silly addNameRange     '0.8.3',
27 silly addNameRange     '0.9.0',
27 silly addNameRange     '0.9.1',
27 silly addNameRange     '0.9.2',
27 silly addNameRange     '0.10.0',
27 silly addNameRange     '0.10.1',
27 silly addNameRange     '0.10.2',
27 silly addNameRange     '0.11.0',
27 silly addNameRange     '0.11.1',
27 silly addNameRange     '0.11.2',
27 silly addNameRange     '0.12.0',
27 silly addNameRange     '0.12.1',
27 silly addNameRange     '0.12.2' ] ]
28 silly addNamed node-inspector@0.12.2
29 verbose addNamed "0.12.2" is a plain semver version for node-inspector
30 silly cache afterAdd node-inspector@0.12.2
31 verbose afterAdd /Users/jakubkanitra/.npm/node-inspector/0.12.2/package/package.json not in flight; writing
32 verbose afterAdd /Users/jakubkanitra/.npm/node-inspector/0.12.2/package/package.json written
33 silly install resolved [ { name: 'node-inspector',
33 silly install resolved     version: '0.12.2',
33 silly install resolved     description: 'Web Inspector based nodeJS debugger',
33 silly install resolved     homepage: 'http://github.com/node-inspector/node-inspector',
33 silly install resolved     author: { name: 'Danny Coates', email: 'dannycoates@gmail.com' },
33 silly install resolved     keywords: [ 'debug', 'debugger', 'inspector', 'profiler' ],
33 silly install resolved     repository:
33 silly install resolved      { type: 'git',
33 silly install resolved        url: 'git+ssh://git@github.com/node-inspector/node-inspector.git' },
33 silly install resolved     engines: { node: '>=0.8.0' },
33 silly install resolved     bin:
33 silly install resolved      { 'node-inspector': './bin/inspector.js',
33 silly install resolved        'node-debug': './bin/node-debug.js' },
33 silly install resolved     dependencies:
33 silly install resolved      { async: '~0.9',
33 silly install resolved        'biased-opener': '~0.2.2',
33 silly install resolved        debug: '^2.2.0',
33 silly install resolved        express: '^4.12.3',
33 silly install resolved        glob: '^5.0.5',
33 silly install resolved        'path-is-absolute': '^1.0.0',
33 silly install resolved        rc: '^1.0.1',
33 silly install resolved        semver: '^4.3.4',
33 silly install resolved        'serve-favicon': '^2.1.1',
33 silly install resolved        'strong-data-uri': '^1.0.0',
33 silly install resolved        'v8-debug': '~0.5.0',
33 silly install resolved        'v8-profiler': '~5.2.4',
33 silly install resolved        which: '^1.1.1',
33 silly install resolved        ws: '^0.7.1',
33 silly install resolved        yargs: '^3.9.0' },
33 silly install resolved     devDependencies:
33 silly install resolved      { promise: '^7.0.3',
33 silly install resolved        mocha: '^1.21',
33 silly install resolved        chai: '^2.1',
33 silly install resolved        jshint: '^2.4.4',
33 silly install resolved        'fs-extra': '~0.8.1' },
33 silly install resolved     preferGlobal: true,
33 silly install resolved     scripts:
33 silly install resolved      { pretest: 'jshint .',
33 silly install resolved        test: 'mocha',
33 silly install resolved        'generate-front-end': 'node --harmony tools/generate-front-end' },
33 silly install resolved     contributors:
33 silly install resolved      [ [Object],
33 silly install resolved        [Object],
33 silly install resolved        [Object],
33 silly install resolved        [Object],
33 silly install resolved        [Object],
33 silly install resolved        [Object],
33 silly install resolved        [Object],
33 silly install resolved        [Object],
33 silly install resolved        [Object],
33 silly install resolved        [Object],
33 silly install resolved        [Object],
33 silly install resolved        [Object],
33 silly install resolved        [Object],
33 silly install resolved        [Object],
33 silly install resolved        [Object],
33 silly install resolved        [Object],
33 silly install resolved        [Object],
33 silly install resolved        [Object],
33 silly install resolved        [Object],
33 silly install resolved        [Object],
33 silly install resolved        [Object],
33 silly install resolved        [Object],
33 silly install resolved        [Object],
33 silly install resolved        [Object],
33 silly install resolved        [Object],
33 silly install resolved        [Object],
33 silly install resolved        [Object],
33 silly install resolved        [Object],
33 silly install resolved        [Object],
33 silly install resolved        [Object],
33 silly install resolved        [Object] ],
33 silly install resolved     gitHead: '70c71ec8e20d1eab004ed56f1dc196e58fd9c001',
33 silly install resolved     bugs: { url: 'https://github.com/node-inspector/node-inspector/issues' },
33 silly install resolved     _id: 'node-inspector@0.12.2',
33 silly install resolved     _shasum: 'b25418fbf270bc5255c61acfc78573145b54c0a3',
33 silly install resolved     _from: 'node-inspector@*',
33 silly install resolved     _npmVersion: '2.5.1',
33 silly install resolved     _nodeVersion: '0.10.40',
33 silly install resolved     _npmUser: { name: '3y3', email: '3y3@bk.ru' },
33 silly install resolved     dist:
33 silly install resolved      { shasum: 'b25418fbf270bc5255c61acfc78573145b54c0a3',
33 silly install resolved        tarball: 'http://registry.npmjs.org/node-inspector/-/node-inspector-0.12.2.tgz' },
33 silly install resolved     maintainers: [ [Object], [Object], [Object], [Object], [Object] ],
33 silly install resolved     directories: {},
33 silly install resolved     _resolved: 'https://registry.npmjs.org/node-inspector/-/node-inspector-0.12.2.tgz',
33 silly install resolved     readme: 'ERROR: No README data found!' } ]
34 info install node-inspector@0.12.2 into /usr/local/lib
35 info installOne node-inspector@0.12.2
36 verbose installOne of node-inspector to /usr/local/lib not in flight; installing
37 verbose lock using /Users/jakubkanitra/.npm/_locks/node-inspector-885d0a05b8e6718d.lock for /usr/local/lib/node_modules/node-inspector
38 silly install write writing node-inspector 0.12.2 to /usr/local/lib/node_modules/node-inspector
39 verbose unbuild lib/node_modules/node-inspector
40 info preuninstall node-inspector@0.12.2
41 info uninstall node-inspector@0.12.2
42 verbose unbuild rmStuff node-inspector@0.12.2 from /usr/local/lib/node_modules
43 silly gentlyRm /usr/local/bin/node-inspector is being gently removed
44 silly gentlyRm verifying /usr/local is an npm working directory
45 silly gentlyRm /usr/local/bin/node-debug is being gently removed
46 silly gentlyRm verifying /usr/local is an npm working directory
47 silly gentlyRm containing path /usr/local is under npm's control, in /usr/local
48 silly gentlyRm deletion target /usr/local/bin/node-inspector is under /usr/local
49 verbose gentlyRm vacuuming from /usr/local/bin/node-inspector up to /usr/local
50 silly gentlyRm containing path /usr/local is under npm's control, in /usr/local
51 silly gentlyRm deletion target /usr/local/bin/node-debug is under /usr/local
52 verbose gentlyRm vacuuming from /usr/local/bin/node-debug up to /usr/local
53 info postuninstall node-inspector@0.12.2
54 silly gentlyRm /usr/local/lib/node_modules/node-inspector is being purged from base /usr/local
55 verbose gentlyRm don't care about contents; nuking /usr/local/lib/node_modules/node-inspector
56 silly vacuum-fs purging /usr/local/lib/node_modules/node-inspector
57 verbose unlock done using /Users/jakubkanitra/.npm/_locks/node-inspector-885d0a05b8e6718d.lock for /usr/local/lib/node_modules/node-inspector
58 verbose stack Error: EACCES, rmdir '/usr/local/lib/node_modules/node-inspector'
58 verbose stack     at Error (native)
59 verbose cwd /Users/jakubkanitra/Documents/sport-ranking
60 error Darwin 14.1.1
61 error argv "node" "/usr/local/bin/npm" "install" "-g" "node-inspector"
62 error node v0.12.7
63 error npm  v2.11.3
64 error path /usr/local/lib/node_modules/node-inspector
65 error code EACCES
66 error errno -13
67 error Error: EACCES, rmdir '/usr/local/lib/node_modules/node-inspector'
67 error     at Error (native)
67 error  { [Error: EACCES, rmdir '/usr/local/lib/node_modules/node-inspector']
67 error   errno: -13,
67 error   code: 'EACCES',
67 error   path: '/usr/local/lib/node_modules/node-inspector' }
68 error Please try running this command again as root/Administrator.
69 verbose exit [ -13, true ]
70 verbose unbuild lib/node_modules/node-inspector
71 info preuninstall node-inspector@0.12.2
72 info uninstall node-inspector@0.12.2
73 verbose unbuild rmStuff node-inspector@0.12.2 from /usr/local/lib/node_modules
74 silly gentlyRm /usr/local/bin/node-inspector is being gently removed
75 silly gentlyRm verifying /usr/local is an npm working directory
76 silly gentlyRm /usr/local/bin/node-debug is being gently removed
77 silly gentlyRm verifying /usr/local is an npm working directory
78 silly gentlyRm containing path /usr/local is under npm's control, in /usr/local
79 silly gentlyRm deletion target /usr/local/bin/node-inspector is under /usr/local
80 verbose gentlyRm vacuuming from /usr/local/bin/node-inspector up to /usr/local
81 silly gentlyRm containing path /usr/local is under npm's control, in /usr/local
82 silly gentlyRm deletion target /usr/local/bin/node-debug is under /usr/local
83 verbose gentlyRm vacuuming from /usr/local/bin/node-debug up to /usr/local
84 info postuninstall node-inspector@0.12.2
85 silly gentlyRm /usr/local/lib/node_modules/node-inspector is being purged from base /usr/local
86 verbose gentlyRm don't care about contents; nuking /usr/local/lib/node_modules/node-inspector
87 silly vacuum-fs purging /usr/local/lib/node_modules/node-inspector
88 error error rolling back Error: EACCES, rmdir '/usr/local/lib/node_modules/node-inspector'
88 error error rolling back     at Error (native)
88 error error rolling back  { [Error: EACCES, rmdir '/usr/local/lib/node_modules/node-inspector']
88 error error rolling back   errno: -13,
88 error error rolling back   code: 'EACCES',
88 error error rolling back   path: '/usr/local/lib/node_modules/node-inspector' }
